<?xml version="1.0" encoding="UTF-8"?>
<testng-results ignored="0" total="1" passed="1" failed="0" skipped="0">
  <reporter-output>
  </reporter-output>
  <suite started-at="2023-10-23T11:43:40 EET" name="Default suite" finished-at="2023-10-23T11:43:44 EET" duration-ms="3928">
    <groups>
    </groups>
    <test started-at="2023-10-23T11:43:40 EET" name="Default test" finished-at="2023-10-23T11:43:44 EET" duration-ms="3928">
      <class name="signup_process">
        <test-method is-config="true" signature="mySetup()[pri:0, instance:signup_process@75e01201]" started-at="2023-10-23T11:43:40 EET" name="mySetup" finished-at="2023-10-23T11:43:44 EET" duration-ms="3540" status="PASS">
          <reporter-output>
          </reporter-output>
        </test-method> <!-- mySetup -->
        <test-method signature="myTest()[pri:0, instance:signup_process@75e01201]" started-at="2023-10-23T11:43:44 EET" name="myTest" finished-at="2023-10-23T11:43:44 EET" duration-ms="363" status="PASS">
          <reporter-output>
          </reporter-output>
        </test-method> <!-- myTest -->
        <test-method is-config="true" signature="myAfter()[pri:0, instance:signup_process@75e01201]" started-at="2023-10-23T11:43:44 EET" name="myAfter" finished-at="2023-10-23T11:43:44 EET" duration-ms="0" status="PASS">
          <reporter-output>
          </reporter-output>
        </test-method> <!-- myAfter -->
      </class> <!-- signup_process -->
    </test> <!-- Default test -->
  </suite> <!-- Default suite -->
</testng-results>
